<?xml version="1.0" encoding="UTF-8"?>
<testsuite name="delegate.PersonTest1" tests="2" skipped="0" failures="0" errors="0" timestamp="2023-09-16T05:51:03" hostname="BI-2308005-01" time="0.054">
  <properties/>
  <testcase name="isYoonTest()" classname="delegate.PersonTest1" time="0.042"/>
  <testcase name="maskingNameTest()" classname="delegate.PersonTest1" time="0.011"/>
  <system-out><![CDATA[]]></system-out>
  <system-err><![CDATA[]]></system-err>
</testsuite>
